<?xml version="1.0" encoding="UTF-8"?>
<!-- Generated by org.testng.reporters.JUnitXMLReporter -->
<testsuite hostname="DESKTOP-S33VJ14" ignored="26" name="Test" tests="3" failures="0" timestamp="2022-03-11T08:25:10 IST" time="15.18" errors="0">
  <testcase name="assertDemo" time="15.067" classname="testNG.AssertExample"/>
  <testcase name="f3" time="0.01" classname="testNG.testngGroups"/>
  <testcase name="f4" time="0.006" classname="testNG.testngGroups"/>
  <testcase name="SampleMethod" time="0.0" classname="testNG.Sample">
    <ignored/>
  </testcase> <!-- SampleMethod -->
  <testcase name="dataTest" time="0.0" classname="testNG.Sample">
    <ignored/>
  </testcase> <!-- dataTest -->
  <testcase name="demo" time="0.0" classname="testNG.HMS_login_logout">
    <ignored/>
  </testcase> <!-- demo -->
  <testcase name="Sauce" time="0.0" classname="testNG.SauceDemo">
    <ignored/>
  </testcase> <!-- Sauce -->
  <testcase name="ff" time="0.0" classname="testNG.GoogleLanguage">
    <ignored/>
  </testcase> <!-- ff -->
  <testcase name="afterTest" time="0.0" classname="testNG.HMS_login_logout">
    <ignored/>
  </testcase> <!-- afterTest -->
  <testcase name="softAss" time="0.0" classname="testNG.SoftAssert0">
    <ignored/>
  </testcase> <!-- softAss -->
  <testcase name="login" time="0.0" classname="testNG.FBlogin">
    <ignored/>
  </testcase> <!-- login -->
  <testcase name="nav" time="0.0" classname="testNG.NavigationExample">
    <ignored/>
  </testcase> <!-- nav -->
  <testcase name="afterTest" time="0.0" classname="testNG.GoogleLanguage">
    <ignored/>
  </testcase> <!-- afterTest -->
  <testcase name="beforeTest" time="0.0" classname="testNG.HMS_login_logout">
    <ignored/>
  </testcase> <!-- beforeTest -->
  <testcase name="xyz" time="0.0" classname="testNG.HMS_login_logout">
    <ignored/>
  </testcase> <!-- xyz -->
  <testcase name="red" time="0.0" classname="testNG.Redbus">
    <ignored/>
  </testcase> <!-- red -->
  <testcase name="f" time="0.0" classname="testNG.MedicalSite">
    <ignored/>
  </testcase> <!-- f -->
  <testcase name="beforeTest" time="0.0" classname="testNG.GoogleLanguage">
    <ignored/>
  </testcase> <!-- beforeTest -->
  <testcase name="testURL" time="0.0" classname="testNG.SoftAssert1">
    <ignored/>
  </testcase> <!-- testURL -->
  <testcase name="dragAndDrop" time="0.0" classname="testNG.Mouse_Keyboard_Operation">
    <ignored/>
  </testcase> <!-- dragAndDrop -->
  <testcase name="SSClass" time="0.0" classname="testNG.SSClassDemo">
    <ignored/>
  </testcase> <!-- SSClass -->
  <testcase name="slide" time="0.0" classname="testNG.Mouse_Keyboard_Operation">
    <ignored/>
  </testcase> <!-- slide -->
  <testcase name="abc" time="0.0" classname="testNG.HMS_login_logout">
    <ignored/>
  </testcase> <!-- abc -->
  <testcase name="upload" time="0.0" classname="testNG.UploadImageUsingAutoIt">
    <ignored/>
  </testcase> <!-- upload -->
  <testcase name="f" time="0.0" classname="testNG.SpiceJet">
    <ignored/>
  </testcase> <!-- f -->
  <testcase name="screenShot" time="0.0" classname="testNG.TakeScreenshotDemo">
    <ignored/>
  </testcase> <!-- screenShot -->
  <testcase name="iFrame" time="0.0" classname="testNG.iFrameDemo">
    <ignored/>
  </testcase> <!-- iFrame -->
  <testcase name="f1" time="0.0" classname="testNG.testngGroups">
    <ignored/>
  </testcase> <!-- f1 -->
  <testcase name="f2" time="0.0" classname="testNG.testngGroups">
    <ignored/>
  </testcase> <!-- f2 -->
</testsuite> <!-- Test -->
