<?xml version="1.0" encoding="UTF-8"?>
<testng-results skipped="0" failed="0" ignored="0" total="1" passed="1">
  <reporter-output>
  </reporter-output>
  <suite name="Default suite" duration-ms="10684" started-at="2022-05-22T17:27:10 IST" finished-at="2022-05-22T17:27:21 IST">
    <groups>
    </groups>
    <test name="Default test" duration-ms="10684" started-at="2022-05-22T17:27:10 IST" finished-at="2022-05-22T17:27:21 IST">
      <class name="testNG.DesiredCapabilities">
        <test-method status="PASS" signature="DCTest()[pri:0, instance:testNG.DesiredCapabilities@1f554b06]" name="DCTest" duration-ms="10610" started-at="2022-05-22T17:27:10 IST" finished-at="2022-05-22T17:27:21 IST">
          <reporter-output>
          </reporter-output>
        </test-method> <!-- DCTest -->
      </class> <!-- testNG.DesiredCapabilities -->
    </test> <!-- Default test -->
  </suite> <!-- Default suite -->
</testng-results>
