<?xml version="1.0" encoding="UTF-8"?>
<testng-results skipped="0" failed="0" ignored="0" total="1" passed="1">
  <reporter-output>
  </reporter-output>
  <suite name="Default suite" duration-ms="29125" started-at="2022-05-22T14:22:53 IST" finished-at="2022-05-22T14:23:23 IST">
    <groups>
    </groups>
    <test name="Default test" duration-ms="29125" started-at="2022-05-22T14:22:53 IST" finished-at="2022-05-22T14:23:23 IST">
      <class name="testNG.FaceBook_BrokenImageLinks">
        <test-method status="PASS" signature="beforeMethod()[pri:0, instance:testNG.FaceBook_BrokenImageLinks@26aa12dd]" name="beforeMethod" is-config="true" duration-ms="15080" started-at="2022-05-22T14:22:53 IST" finished-at="2022-05-22T14:23:09 IST">
          <reporter-output>
          </reporter-output>
        </test-method> <!-- beforeMethod -->
        <test-method status="PASS" signature="f()[pri:0, instance:testNG.FaceBook_BrokenImageLinks@26aa12dd]" name="f" duration-ms="12133" started-at="2022-05-22T14:23:09 IST" finished-at="2022-05-22T14:23:21 IST">
          <reporter-output>
          </reporter-output>
        </test-method> <!-- f -->
        <test-method status="PASS" signature="afterMethod()[pri:0, instance:testNG.FaceBook_BrokenImageLinks@26aa12dd]" name="afterMethod" is-config="true" duration-ms="1833" started-at="2022-05-22T14:23:21 IST" finished-at="2022-05-22T14:23:23 IST">
          <reporter-output>
          </reporter-output>
        </test-method> <!-- afterMethod -->
      </class> <!-- testNG.FaceBook_BrokenImageLinks -->
    </test> <!-- Default test -->
  </suite> <!-- Default suite -->
</testng-results>
