<?xml version="1.0" encoding="UTF-8"?>
<!-- Generated by org.testng.reporters.JUnitXMLReporter -->
<testsuite ignored="0" hostname="DESKTOP-S33VJ14" failures="0" tests="12" name="mayur_test" time="26.663" errors="0" timestamp="2022-02-25T21:14:34 IST">
  <testcase classname="testNG.HMS_login_logout" name="demo" time="0.014"/>
  <testcase classname="testNG.HMS_login_logout" name="beforeTest" time="6.108"/>
  <testcase classname="testNG.HMS_login_logout" name="xyz" time="3.29"/>
  <testcase classname="testNG.HMS_login_logout" name="abc" time="0.601"/>
  <testcase classname="testNG.HMS_login_logout" name="afterTest" time="5.367"/>
  <testcase classname="testNG.Sample" name="beforeTest" time="0.002"/>
  <testcase classname="testNG.Sample" name="f" time="0.001"/>
  <testcase classname="testNG.Sample" name="f1" time="0.002"/>
  <testcase classname="testNG.Sample" name="afterTest" time="0.002"/>
  <testcase classname="testNG.GoogleLanguage" name="beforeTest" time="3.317"/>
  <testcase classname="testNG.GoogleLanguage" name="ff" time="7.494"/>
  <testcase classname="testNG.GoogleLanguage" name="afterTest" time="0.347"/>
</testsuite> <!-- mayur_test -->
